<?xml version="1.0" encoding="UTF-8"?>
<!-- Generated by org.testng.reporters.JUnitXMLReporter -->
<testsuite hostname="Asus-India" name="Test" tests="8" failures="2" timestamp="29 Aug 2018 15:21:28 GMT" time="20.149" errors="0">
  <testcase name="testOne" time="3.656" classname="com.facebook.TestCases.LoginUI_Test"/>
  <testcase name="testOneTwo" time="0.481" classname="com.facebook.TestCases.LoginUI_Test">
    <skipped/>
  </testcase> <!-- testOneTwo -->
  <testcase name="testOneTwo" time="0.464" classname="com.facebook.TestCases.LoginUI_Test">
    <failure type="java.lang.AssertionError" message="expected [true] but found [false]">
      <![CDATA[java.lang.AssertionError: expected [true] but found [false]
	at com.facebook.TestCases.LoginUI_Test.testOneTwo(LoginUI_Test.java:144)
... Removed 28 stack frames]]>
    </failure>
  </testcase> <!-- testOneTwo -->
  <testcase name="testTwo" time="0.532" classname="com.facebook.TestCases.LoginUI_Test"/>
  <testcase name="testThree" time="0.508" classname="com.facebook.TestCases.LoginUI_Test"/>
  <testcase name="testFive" time="0.553" classname="com.facebook.TestCases.LoginUI_Test">
    <skipped/>
  </testcase> <!-- testFive -->
  <testcase name="testFive" time="0.454" classname="com.facebook.TestCases.LoginUI_Test">
    <failure type="java.lang.AssertionError" message="expected [true] but found [false]">
      <![CDATA[java.lang.AssertionError: expected [true] but found [false]
	at com.facebook.TestCases.LoginUI_Test.testFive(LoginUI_Test.java:238)
... Removed 28 stack frames]]>
    </failure>
  </testcase> <!-- testFive -->
  <testcase name="testFour" time="0.464" classname="com.facebook.TestCases.LoginUI_Test"/>
</testsuite> <!-- Test -->
